2023-09-05T06:49:53.256Z [[31merror[39m] "_id" with value "64f6b1de0df8a290530" fails to match the mongoDB ID pattern
2023-09-05T07:00:25.092Z [[32minfo[39m] Server is running at http://localhost:8000
2023-09-05T07:00:25.878Z [[32minfo[39m] Connected to MongoDB database
2023-09-05T07:00:30.083Z [[32minfo[39m] Server is running at http://localhost:8000
2023-09-05T07:00:30.625Z [[32minfo[39m] Connected to MongoDB database
2023-09-05T07:00:58.997Z [[32minfo[39m] Server is running at http://localhost:8000
2023-09-05T07:00:59.587Z [[32minfo[39m] Connected to MongoDB database
2023-09-05T07:02:06.280Z [[32minfo[39m] Server is running at http://localhost:8000
2023-09-05T07:02:07.105Z [[32minfo[39m] Connected to MongoDB database
2023-09-05T07:13:36.881Z [[32minfo[39m] Server is running at http://localhost:8000
2023-09-05T07:13:37.749Z [[32minfo[39m] Connected to MongoDB database
2023-09-05T07:16:01.134Z [[32minfo[39m] Server is running at http://localhost:8000
2023-09-05T07:16:02.000Z [[32minfo[39m] Connected to MongoDB database
2023-09-05T07:17:06.247Z [[32minfo[39m] Server is running at http://localhost:8000
2023-09-05T07:17:07.359Z [[32minfo[39m] Connected to MongoDB database
2023-09-05T07:17:12.122Z [[32minfo[39m] Server is running at http://localhost:8000
2023-09-05T07:17:12.608Z [[32minfo[39m] Connected to MongoDB database
2023-09-05T07:18:58.036Z [[32minfo[39m] Server is running at http://localhost:8000
2023-09-05T07:18:59.453Z [[32minfo[39m] Connected to MongoDB database
2023-09-05T07:19:03.184Z [[32minfo[39m] Server is running at http://localhost:8000
2023-09-05T07:19:03.659Z [[32minfo[39m] Connected to MongoDB database
2023-09-05T07:21:16.525Z [[32minfo[39m] Server is running at http://localhost:8000
2023-09-05T07:21:17.254Z [[32minfo[39m] Connected to MongoDB database
2023-09-05T07:22:44.531Z [[32minfo[39m] Server is running at http://localhost:8000
2023-09-05T07:22:45.303Z [[32minfo[39m] Connected to MongoDB database
2023-09-05T09:13:34.538Z [[32minfo[39m] Server is running at http://localhost:8000
2023-09-05T09:13:35.378Z [[32minfo[39m] Connected to MongoDB database
2023-09-05T09:38:28.768Z [[32minfo[39m] Server is running at http://localhost:8000
2023-09-05T09:38:29.610Z [[32minfo[39m] Connected to MongoDB database
2023-09-05T09:38:32.672Z [[32minfo[39m] Server is running at http://localhost:8000
2023-09-05T09:38:33.150Z [[32minfo[39m] Connected to MongoDB database
2023-09-05T09:38:56.405Z [[32minfo[39m] Server is running at http://localhost:8000
2023-09-05T09:38:57.040Z [[32minfo[39m] Connected to MongoDB database
2023-09-05T09:40:13.471Z [[32minfo[39m] Server is running at http://localhost:8000
2023-09-05T09:40:14.297Z [[32minfo[39m] Connected to MongoDB database
2023-09-05T09:40:39.332Z [[32minfo[39m] Server is running at http://localhost:8000
2023-09-05T09:40:40.235Z [[32minfo[39m] Connected to MongoDB database
2023-09-05T09:40:48.918Z [[32minfo[39m] Server is running at http://localhost:8000
2023-09-05T09:40:49.383Z [[32minfo[39m] Connected to MongoDB database
2023-09-05T09:41:05.623Z [[32minfo[39m] Server is running at http://localhost:8000
2023-09-05T09:41:06.088Z [[32minfo[39m] Connected to MongoDB database
2023-09-05T09:43:43.228Z [[32minfo[39m] Server is running at http://localhost:8000
2023-09-05T09:43:44.553Z [[32minfo[39m] Connected to MongoDB database
2023-09-05T09:55:14.472Z [[32minfo[39m] Server is running at http://localhost:8000
2023-09-05T09:55:15.275Z [[32minfo[39m] Connected to MongoDB database
2023-09-05T09:56:25.229Z [[32minfo[39m] Server is running at http://localhost:8000
2023-09-05T09:56:26.059Z [[32minfo[39m] Connected to MongoDB database
2023-09-05T10:00:33.374Z [[32minfo[39m] Server is running at http://localhost:8000
2023-09-05T10:00:34.157Z [[32minfo[39m] Connected to MongoDB database
2023-09-05T10:01:37.864Z [[32minfo[39m] Server is running at http://localhost:8000
2023-09-05T10:01:38.671Z [[32minfo[39m] Connected to MongoDB database
2023-09-05T10:02:34.744Z [[32minfo[39m] Server is running at http://localhost:8000
2023-09-05T10:02:35.591Z [[32minfo[39m] Connected to MongoDB database
2023-09-05T10:03:31.174Z [[32minfo[39m] Server is running at http://localhost:8000
2023-09-05T10:03:31.816Z [[32minfo[39m] Connected to MongoDB database
2023-09-05T10:07:07.745Z [[32minfo[39m] Server is running at http://localhost:8000
2023-09-05T10:07:08.464Z [[32minfo[39m] Server is running at http://localhost:8000
2023-09-05T10:07:09.261Z [[32minfo[39m] Connected to MongoDB database
2023-09-05T10:07:38.882Z [[32minfo[39m] Server is running at http://localhost:8000
2023-09-05T10:07:39.582Z [[32minfo[39m] Connected to MongoDB database
2023-09-05T10:08:24.799Z [[32minfo[39m] Server is running at http://localhost:8000
2023-09-05T10:08:25.896Z [[32minfo[39m] Connected to MongoDB database
2023-09-05T10:09:17.074Z [[32minfo[39m] Server is running at http://localhost:8000
2023-09-05T10:09:17.640Z [[32minfo[39m] Connected to MongoDB database
2023-09-05T10:10:14.012Z [[32minfo[39m] Server is running at http://localhost:8000
2023-09-05T10:10:14.613Z [[32minfo[39m] Connected to MongoDB database
2023-09-05T10:10:33.376Z [[32minfo[39m] Server is running at http://localhost:8000
2023-09-05T10:10:34.096Z [[32minfo[39m] Connected to MongoDB database
2023-09-05T10:11:29.430Z [[32minfo[39m] Server is running at http://localhost:8000
2023-09-05T10:11:30.139Z [[32minfo[39m] Connected to MongoDB database
2023-09-05T10:11:52.563Z [[32minfo[39m] Server is running at http://localhost:8000
2023-09-05T10:11:53.223Z [[32minfo[39m] Connected to MongoDB database
2023-09-05T10:12:47.655Z [[32minfo[39m] Server is running at http://localhost:8000
2023-09-05T10:12:48.498Z [[32minfo[39m] Connected to MongoDB database
2023-09-05T10:13:41.304Z [[32minfo[39m] Server is running at http://localhost:8000
2023-09-05T10:13:41.886Z [[32minfo[39m] Connected to MongoDB database
2023-09-05T10:16:19.514Z [[32minfo[39m] Server is running at http://localhost:8000
2023-09-05T10:16:20.367Z [[32minfo[39m] Connected to MongoDB database
2023-09-05T10:17:45.247Z [[32minfo[39m] Server is running at http://localhost:8000
2023-09-05T10:17:46.337Z [[32minfo[39m] Connected to MongoDB database
2023-09-05T10:20:36.425Z [[32minfo[39m] Invalid route: /author/register
2023-09-05T10:20:55.040Z [[32minfo[39m] Server is running at http://localhost:8000
2023-09-05T10:20:55.733Z [[32minfo[39m] Connected to MongoDB database
2023-09-05T10:21:25.105Z [[32minfo[39m] Server is running at http://localhost:8000
2023-09-05T10:21:25.669Z [[32minfo[39m] Connected to MongoDB database
2023-09-05T10:22:21.146Z [[32minfo[39m] Server is running at http://localhost:8000
2023-09-05T10:22:22.047Z [[32minfo[39m] Connected to MongoDB database
2023-09-05T10:36:27.414Z [[32minfo[39m] Server is running at http://localhost:8000
2023-09-05T10:36:28.478Z [[32minfo[39m] Connected to MongoDB database
2023-09-05T10:37:55.708Z [[32minfo[39m] Server is running at http://localhost:8000
2023-09-05T10:37:56.564Z [[32minfo[39m] Connected to MongoDB database
2023-09-05T10:38:16.147Z [[32minfo[39m] Server is running at http://localhost:8000
2023-09-05T10:38:16.652Z [[32minfo[39m] Connected to MongoDB database
2023-09-05T10:38:29.495Z [[32minfo[39m] Server is running at http://localhost:8000
2023-09-05T10:38:30.016Z [[32minfo[39m] Connected to MongoDB database
2023-09-05T10:39:07.248Z [[32minfo[39m] Server is running at http://localhost:8000
2023-09-05T10:39:08.031Z [[32minfo[39m] Connected to MongoDB database
2023-09-05T10:39:11.654Z [[32minfo[39m] Server is running at http://localhost:8000
2023-09-05T10:39:12.157Z [[32minfo[39m] Connected to MongoDB database
2023-09-05T10:39:21.063Z [[32minfo[39m] Server is running at http://localhost:8000
2023-09-05T10:39:21.692Z [[32minfo[39m] Connected to MongoDB database
2023-09-05T10:39:27.009Z [[32minfo[39m] Server is running at http://localhost:8000
2023-09-05T10:39:27.484Z [[32minfo[39m] Connected to MongoDB database
2023-09-05T10:39:36.118Z [[32minfo[39m] Server is running at http://localhost:8000
2023-09-05T10:39:36.617Z [[32minfo[39m] Connected to MongoDB database
2023-09-05T10:39:44.909Z [[32minfo[39m] Server is running at http://localhost:8000
2023-09-05T10:39:45.397Z [[32minfo[39m] Connected to MongoDB database
2023-09-05T10:39:55.686Z [[31merror[39m] "title" must be a string
2023-09-05T10:40:31.406Z [[31merror[39m] "title" must be a string
2023-09-05T10:41:11.057Z [[32minfo[39m] Server is running at http://localhost:8000
2023-09-05T10:41:12.203Z [[32minfo[39m] Connected to MongoDB database
2023-09-05T10:41:18.253Z [[32minfo[39m] Server is running at http://localhost:8000
2023-09-05T10:41:18.772Z [[32minfo[39m] Connected to MongoDB database
2023-09-05T10:42:16.865Z [[32minfo[39m] Server is running at http://localhost:8000
2023-09-05T10:42:17.629Z [[32minfo[39m] Connected to MongoDB database
2023-09-05T10:42:31.757Z [[32minfo[39m] Server is running at http://localhost:8000
2023-09-05T10:42:32.292Z [[32minfo[39m] Connected to MongoDB database
2023-09-05T10:47:27.822Z [[32minfo[39m] Server is running at http://localhost:8000
2023-09-05T10:47:28.683Z [[32minfo[39m] Connected to MongoDB database
2023-09-05T10:48:10.931Z [[32minfo[39m] Server is running at http://localhost:8000
2023-09-05T10:48:11.630Z [[32minfo[39m] Connected to MongoDB database
2023-09-05T10:48:49.146Z [[32minfo[39m] Server is running at http://localhost:8000
2023-09-05T10:48:50.337Z [[32minfo[39m] Connected to MongoDB database
2023-09-05T10:49:11.361Z [[32minfo[39m] Server is running at http://localhost:8000
2023-09-05T10:49:12.020Z [[32minfo[39m] Connected to MongoDB database
2023-09-05T10:50:29.001Z [[32minfo[39m] Server is running at http://localhost:8000
2023-09-05T10:50:30.031Z [[32minfo[39m] Connected to MongoDB database
2023-09-05T10:50:32.117Z [[32minfo[39m] Server is running at http://localhost:8000
2023-09-05T10:50:32.580Z [[32minfo[39m] Connected to MongoDB database
2023-09-05T10:50:50.539Z [[32minfo[39m] Server is running at http://localhost:8000
2023-09-05T10:50:50.995Z [[32minfo[39m] Connected to MongoDB database
2023-09-05T10:51:10.902Z [[32minfo[39m] Server is running at http://localhost:8000
2023-09-05T10:51:11.385Z [[32minfo[39m] Connected to MongoDB database
2023-09-05T10:51:13.934Z [[32minfo[39m] Server is running at http://localhost:8000
2023-09-05T10:51:14.442Z [[32minfo[39m] Connected to MongoDB database
2023-09-05T10:51:20.708Z [[32minfo[39m] Server is running at http://localhost:8000
2023-09-05T10:51:21.238Z [[32minfo[39m] Connected to MongoDB database
2023-09-05T10:51:37.336Z [[32minfo[39m] Server is running at http://localhost:8000
2023-09-05T10:51:38.011Z [[32minfo[39m] Connected to MongoDB database
2023-09-05T10:51:41.030Z [[32minfo[39m] Server is running at http://localhost:8000
2023-09-05T10:51:41.532Z [[32minfo[39m] Connected to MongoDB database
2023-09-05T10:51:53.378Z [[32minfo[39m] Server is running at http://localhost:8000
2023-09-05T10:51:53.889Z [[32minfo[39m] Connected to MongoDB database
2023-09-05T10:52:45.940Z [[32minfo[39m] Server is running at http://localhost:8000
2023-09-05T10:52:46.909Z [[32minfo[39m] Connected to MongoDB database
2023-09-05T10:52:54.237Z [[32minfo[39m] Server is running at http://localhost:8000
2023-09-05T10:52:54.746Z [[32minfo[39m] Connected to MongoDB database
2023-09-05T10:54:21.516Z [[32minfo[39m] Server is running at http://localhost:8000
2023-09-05T10:54:22.545Z [[32minfo[39m] Connected to MongoDB database
2023-09-05T10:57:14.566Z [[32minfo[39m] Server is running at http://localhost:8000
2023-09-05T10:57:15.630Z [[32minfo[39m] Connected to MongoDB database
2023-09-05T10:58:44.935Z [[32minfo[39m] Server is running at http://localhost:8000
2023-09-05T10:58:45.731Z [[32minfo[39m] Connected to MongoDB database
2023-09-05T10:58:59.367Z [[31merror[39m] "title" must be a string
2023-09-05T10:59:25.800Z [[32minfo[39m] Server is running at http://localhost:8000
2023-09-05T10:59:26.442Z [[32minfo[39m] Connected to MongoDB database
2023-09-05T10:59:29.705Z [[31merror[39m] "title" must be a string
2023-09-05T10:59:44.710Z [[31merror[39m] "author" is not allowed
2023-09-05T10:59:47.433Z [[31merror[39m] "author" is not allowed
2023-09-05T10:59:55.443Z [[31merror[39m] Unexpected token } in JSON at position 621
2023-09-05T11:00:23.262Z [[32minfo[39m] Server is running at http://localhost:8000
2023-09-05T11:00:24.095Z [[32minfo[39m] Connected to MongoDB database
2023-09-05T11:00:31.740Z [[31merror[39m] Unexpected token } in JSON at position 621
2023-09-05T11:00:48.448Z [[32minfo[39m] Server is running at http://localhost:8000
2023-09-05T11:00:49.081Z [[32minfo[39m] Connected to MongoDB database
2023-09-05T11:00:49.342Z [[31merror[39m] Unexpected token } in JSON at position 621
2023-09-05T11:00:51.858Z [[31merror[39m] Unexpected token } in JSON at position 621
2023-09-05T11:01:08.760Z [[31merror[39m] "_id" is not allowed
2023-09-05T11:01:35.566Z [[32minfo[39m] Server is running at http://localhost:8000
2023-09-05T11:01:36.491Z [[32minfo[39m] Connected to MongoDB database
2023-09-05T11:01:39.182Z [[32minfo[39m] Server is running at http://localhost:8000
2023-09-05T11:01:39.620Z [[32minfo[39m] Connected to MongoDB database
2023-09-05T11:01:58.102Z [[32minfo[39m] Server is running at http://localhost:8000
2023-09-05T11:01:58.624Z [[32minfo[39m] Connected to MongoDB database
2023-09-05T11:02:18.986Z [[32minfo[39m] Server is running at http://localhost:8000
2023-09-05T11:02:19.452Z [[32minfo[39m] Connected to MongoDB database
2023-09-05T11:03:27.085Z [[32minfo[39m] Server is running at http://localhost:8000
2023-09-05T11:03:27.933Z [[32minfo[39m] Connected to MongoDB database
2023-09-05T11:03:53.427Z [[31merror[39m] "_id" is not allowed
2023-09-05T11:04:41.824Z [[32minfo[39m] Server is running at http://localhost:8000
2023-09-05T11:04:42.823Z [[32minfo[39m] Connected to MongoDB database
2023-09-05T11:04:43.504Z [[31merror[39m] "_id" is not allowed
2023-09-05T11:04:52.506Z [[31merror[39m] "_id" is not allowed
2023-09-05T11:06:02.218Z [[32minfo[39m] Server is running at http://localhost:8000
2023-09-05T11:06:03.208Z [[32minfo[39m] Connected to MongoDB database
2023-09-05T11:06:03.398Z [[31merror[39m] "_id" is not allowed
2023-09-05T11:07:09.021Z [[32minfo[39m] Server is running at http://localhost:8000
2023-09-05T11:07:10.121Z [[32minfo[39m] Connected to MongoDB database
2023-09-05T11:07:11.736Z [[32minfo[39m] Server is running at http://localhost:8000
2023-09-05T11:07:12.235Z [[32minfo[39m] Connected to MongoDB database
2023-09-05T11:08:04.097Z [[32minfo[39m] Server is running at http://localhost:8000
2023-09-05T11:08:04.688Z [[32minfo[39m] Connected to MongoDB database
2023-09-05T11:08:28.811Z [[32minfo[39m] Server is running at http://localhost:8000
2023-09-05T11:08:29.993Z [[32minfo[39m] Server is running at http://localhost:8000
2023-09-05T11:08:30.437Z [[32minfo[39m] Connected to MongoDB database
2023-09-05T11:08:56.296Z [[31merror[39m] Cast to ObjectId failed for value "64f6b1de0df8a290530" (type string) at path "_id" for model "BlogPost"
2023-09-05T11:09:32.637Z [[31merror[39m] Cast to ObjectId failed for value "64f6b1de0df8a290530" (type string) at path "_id" for model "BlogPost"
2023-09-05T11:18:54.738Z [[32minfo[39m] Server is running at http://localhost:8000
2023-09-05T11:18:55.539Z [[32minfo[39m] Connected to MongoDB database
2023-09-05T11:19:04.923Z [[32minfo[39m] Server is running at http://localhost:8000
2023-09-05T11:19:05.501Z [[32minfo[39m] Connected to MongoDB database
2023-09-05T11:19:22.155Z [[32minfo[39m] Server is running at http://localhost:8000
2023-09-05T11:19:22.669Z [[32minfo[39m] Connected to MongoDB database
2023-09-05T11:19:28.716Z [[32minfo[39m] Server is running at http://localhost:8000
2023-09-05T11:19:29.188Z [[32minfo[39m] Connected to MongoDB database
2023-09-05T11:20:14.725Z [[32minfo[39m] Server is running at http://localhost:8000
2023-09-05T11:20:15.601Z [[32minfo[39m] Connected to MongoDB database
2023-09-05T11:20:31.562Z [[32minfo[39m] Server is running at http://localhost:8000
2023-09-05T11:20:32.108Z [[32minfo[39m] Connected to MongoDB database
2023-09-05T11:20:41.457Z [[31merror[39m] "_id" with value "64f70be25c51eef784a77" fails to match the mongoDB ID pattern
2023-09-05T11:21:17.602Z [[31merror[39m] "_id" with value "64f70f1d91fc4b5caf132b" fails to match the mongoDB ID pattern
2023-09-05T11:23:51.331Z [[32minfo[39m] Server is running at http://localhost:8000
2023-09-05T11:23:52.278Z [[32minfo[39m] Connected to MongoDB database
2023-09-05T11:25:48.220Z [[32minfo[39m] Server is running at http://localhost:8000
2023-09-05T11:25:49.163Z [[32minfo[39m] Connected to MongoDB database
2023-09-05T11:28:04.754Z [[32minfo[39m] Server is running at http://localhost:8000
2023-09-05T11:28:05.744Z [[32minfo[39m] Connected to MongoDB database
2023-09-05T11:28:24.379Z [[32minfo[39m] Server is running at http://localhost:8000
2023-09-05T11:28:24.906Z [[32minfo[39m] Connected to MongoDB database
2023-09-05T11:29:19.157Z [[32minfo[39m] Server is running at http://localhost:8000
2023-09-05T11:29:20.030Z [[32minfo[39m] Connected to MongoDB database
2023-09-05T11:30:15.848Z [[32minfo[39m] Server is running at http://localhost:8000
2023-09-05T11:30:16.425Z [[32minfo[39m] Connected to MongoDB database
2023-09-05T11:30:25.377Z [[32minfo[39m] Server is running at http://localhost:8000
2023-09-05T11:30:26.067Z [[32minfo[39m] Connected to MongoDB database
2023-09-05T11:30:48.675Z [[31merror[39m] "email" must be a valid email
2023-09-05T11:30:58.344Z [[31merror[39m] "password" length must be at least 8 characters long
2023-09-05T11:31:07.477Z [[31merror[39m] "password" length must be at least 8 characters long
2023-09-05T11:32:45.894Z [[32minfo[39m] Server is running at http://localhost:8000
2023-09-05T11:32:46.781Z [[32minfo[39m] Connected to MongoDB database
2023-09-05T11:33:20.828Z [[32minfo[39m] Server is running at http://localhost:8000
2023-09-05T11:33:21.393Z [[32minfo[39m] Connected to MongoDB database
2023-09-05T11:33:36.493Z [[32minfo[39m] Server is running at http://localhost:8000
2023-09-05T11:33:36.969Z [[32minfo[39m] Connected to MongoDB database
2023-09-05T11:39:38.917Z [[32minfo[39m] Server is running at http://localhost:8000
2023-09-05T11:39:39.745Z [[32minfo[39m] Connected to MongoDB database
2023-09-05T11:40:13.226Z [[32minfo[39m] Server is running at http://localhost:8000
2023-09-05T11:40:13.877Z [[32minfo[39m] Connected to MongoDB database
2023-09-05T11:40:15.017Z [[32minfo[39m] Server is running at http://localhost:8000
2023-09-05T11:40:15.530Z [[32minfo[39m] Connected to MongoDB database
2023-09-05T11:41:45.578Z [[32minfo[39m] Server is running at http://localhost:8000
2023-09-05T11:41:46.785Z [[32minfo[39m] Server is running at http://localhost:8000
2023-09-05T11:41:47.265Z [[32minfo[39m] Connected to MongoDB database
2023-09-05T11:42:07.312Z [[32minfo[39m] Server is running at http://localhost:8000
2023-09-05T11:42:07.741Z [[32minfo[39m] Connected to MongoDB database
2023-09-05T11:42:17.120Z [[32minfo[39m] Server is running at http://localhost:8000
2023-09-05T11:42:17.568Z [[32minfo[39m] Connected to MongoDB database
2023-09-05T11:42:26.742Z [[32minfo[39m] Server is running at http://localhost:8000
2023-09-05T11:42:27.199Z [[32minfo[39m] Connected to MongoDB database
2023-09-05T11:43:15.050Z [[32minfo[39m] Server is running at http://localhost:8000
2023-09-05T11:43:15.827Z [[32minfo[39m] Connected to MongoDB database
2023-09-05T11:44:09.502Z [[32minfo[39m] Server is running at http://localhost:8000
2023-09-05T11:44:10.112Z [[32minfo[39m] Connected to MongoDB database
2023-09-05T11:44:11.304Z [[32minfo[39m] Server is running at http://localhost:8000
2023-09-05T11:44:11.776Z [[32minfo[39m] Connected to MongoDB database
2023-09-05T11:44:13.847Z [[32minfo[39m] Server is running at http://localhost:8000
2023-09-05T11:44:14.295Z [[32minfo[39m] Connected to MongoDB database
2023-09-05T11:44:23.789Z [[32minfo[39m] Server is running at http://localhost:8000
2023-09-05T11:44:24.367Z [[32minfo[39m] Connected to MongoDB database
2023-09-05T11:44:31.735Z [[32minfo[39m] Server is running at http://localhost:8000
2023-09-05T11:44:32.219Z [[32minfo[39m] Connected to MongoDB database
2023-09-05T11:44:38.607Z [[32minfo[39m] Server is running at http://localhost:8000
2023-09-05T11:44:39.101Z [[32minfo[39m] Connected to MongoDB database
2023-09-05T11:44:45.542Z [[32minfo[39m] Server is running at http://localhost:8000
2023-09-05T11:44:45.973Z [[32minfo[39m] Connected to MongoDB database
2023-09-05T11:44:49.208Z [[32minfo[39m] Server is running at http://localhost:8000
2023-09-05T11:44:49.643Z [[32minfo[39m] Connected to MongoDB database
2023-09-05T11:44:58.940Z [[32minfo[39m] Server is running at http://localhost:8000
2023-09-05T11:44:59.383Z [[32minfo[39m] Connected to MongoDB database
2023-09-05T11:45:19.338Z [[32minfo[39m] Server is running at http://localhost:8000
2023-09-05T11:45:19.957Z [[32minfo[39m] Connected to MongoDB database
2023-09-05T11:50:28.801Z [[32minfo[39m] Server is running at http://localhost:8000
2023-09-05T11:50:31.064Z [[32minfo[39m] Connected to MongoDB database
2023-09-05T11:59:25.682Z [[32minfo[39m] Server is running at http://localhost:8000
2023-09-05T11:59:26.693Z [[32minfo[39m] Connected to MongoDB database
2023-09-05T11:59:43.592Z [[32minfo[39m] Server is running at http://localhost:8000
2023-09-05T11:59:44.116Z [[32minfo[39m] Connected to MongoDB database
2023-09-05T12:00:05.101Z [[32minfo[39m] Server is running at http://localhost:8000
2023-09-05T12:00:05.585Z [[32minfo[39m] Connected to MongoDB database
2023-09-05T12:00:35.934Z [[32minfo[39m] Server is running at http://localhost:8000
2023-09-05T12:00:36.799Z [[32minfo[39m] Connected to MongoDB database
2023-09-05T12:00:57.687Z [[32minfo[39m] Server is running at http://localhost:8000
2023-09-05T12:00:58.344Z [[32minfo[39m] Connected to MongoDB database
2023-09-05T12:01:24.829Z [[32minfo[39m] Server is running at http://localhost:8000
2023-09-05T12:01:25.537Z [[32minfo[39m] Connected to MongoDB database
2023-09-05T12:04:32.369Z [[32minfo[39m] Server is running at http://localhost:8000
2023-09-05T12:04:33.397Z [[32minfo[39m] Server is running at http://localhost:8000
2023-09-05T12:04:33.995Z [[32minfo[39m] Connected to MongoDB database
2023-09-05T12:05:30.768Z [[32minfo[39m] Server is running at http://localhost:8000
2023-09-05T12:05:31.393Z [[32minfo[39m] Connected to MongoDB database
2023-09-05T12:05:41.215Z [[32minfo[39m] Server is running at http://localhost:8000
2023-09-05T12:05:42.108Z [[32minfo[39m] Connected to MongoDB database
2023-09-05T12:10:44.956Z [[32minfo[39m] Server is running at http://localhost:8000
2023-09-05T12:10:45.937Z [[32minfo[39m] Connected to MongoDB database
2023-09-05T12:11:14.910Z [[32minfo[39m] Server is running at http://localhost:8000
2023-09-05T12:11:15.524Z [[32minfo[39m] Connected to MongoDB database
2023-09-05T12:13:17.816Z [[32minfo[39m] Server is running at http://localhost:8000
2023-09-05T12:13:18.643Z [[32minfo[39m] Connected to MongoDB database
2023-09-05T12:13:25.857Z [[32minfo[39m] Server is running at http://localhost:8000
2023-09-05T12:13:26.289Z [[32minfo[39m] Connected to MongoDB database
2023-09-05T12:13:48.127Z [[32minfo[39m] Server is running at http://localhost:8000
2023-09-05T12:13:48.760Z [[32minfo[39m] Connected to MongoDB database
2023-09-05T12:15:14.164Z [[32minfo[39m] Server is running at http://localhost:8000
2023-09-05T12:15:14.924Z [[32minfo[39m] Connected to MongoDB database
2023-09-05T12:16:19.543Z [[32minfo[39m] Server is running at http://localhost:8000
2023-09-05T12:16:20.465Z [[32minfo[39m] Connected to MongoDB database
2023-09-05T12:16:31.727Z [[32minfo[39m] Connected to MongoDB database
2023-09-05T12:17:05.082Z [[32minfo[39m] Server is running at http://localhost:8000
2023-09-05T12:17:05.930Z [[32minfo[39m] Connected to MongoDB database
2023-09-05T12:17:33.189Z [[32minfo[39m] Server is running at http://localhost:8000
2023-09-05T12:17:34.200Z [[32minfo[39m] Connected to MongoDB database
2023-09-05T12:19:28.150Z [[32minfo[39m] Server is running at http://localhost:8000
2023-09-05T12:19:29.379Z [[32minfo[39m] Connected to MongoDB database
2023-09-05T12:21:10.062Z [[32minfo[39m] Server is running at http://localhost:8000
2023-09-05T12:21:10.998Z [[32minfo[39m] Connected to MongoDB database
2023-09-05T12:55:52.126Z [[32minfo[39m] Server is running at http://localhost:8000
2023-09-05T12:55:53.006Z [[32minfo[39m] Connected to MongoDB database
2023-09-05T12:55:55.822Z [[32minfo[39m] Server is running at http://localhost:8000
2023-09-05T12:55:56.266Z [[32minfo[39m] Connected to MongoDB database
2023-09-05T12:57:12.806Z [[31merror[39m] "password" length must be at least 8 characters long
2023-09-05T12:57:12.899Z [[31merror[39m] "password" length must be at least 8 characters long
2023-09-05T13:04:17.855Z [[31merror[39m] "password" length must be at least 8 characters long
2023-09-05T13:04:26.976Z [[31merror[39m] E11000 duplicate key error collection: test.authors index: email_1 dup key: { email: "selbinzr@gmail.com" }
2023-09-05T13:05:19.991Z [[31merror[39m] data and hash arguments required
2023-09-05T13:06:01.296Z [[31merror[39m] data and hash arguments required
2023-09-05T13:07:54.733Z [[32minfo[39m] Server is running at http://localhost:8000
2023-09-05T13:07:55.625Z [[32minfo[39m] Connected to MongoDB database
2023-09-05T13:08:17.390Z [[32minfo[39m] Server is running at http://localhost:8000
2023-09-05T13:08:17.988Z [[32minfo[39m] Connected to MongoDB database
2023-09-05T13:08:34.607Z [[32minfo[39m] Server is running at http://localhost:8000
2023-09-05T13:08:35.055Z [[32minfo[39m] Connected to MongoDB database
2023-09-05T13:08:49.282Z [[32minfo[39m] Server is running at http://localhost:8000
2023-09-05T13:08:49.721Z [[32minfo[39m] Connected to MongoDB database
2023-09-05T13:09:07.292Z [[32minfo[39m] Server is running at http://localhost:8000
2023-09-05T13:09:07.771Z [[32minfo[39m] Connected to MongoDB database
2023-09-05T13:09:20.670Z [[32minfo[39m] Server is running at http://localhost:8000
2023-09-05T13:09:21.308Z [[32minfo[39m] Connected to MongoDB database
2023-09-05T13:20:42.673Z [[32minfo[39m] Connected to MongoDB database
2023-09-05T13:30:31.707Z [[32minfo[39m] Server is running at http://localhost:8000
2023-09-05T13:30:32.446Z [[32minfo[39m] Connected to MongoDB database
2023-09-05T13:31:12.958Z [[31merror[39m] E11000 duplicate key error collection: test.authors index: email_1 dup key: { email: "selbinchirayath@gmail.com" }
2023-09-05T13:32:01.347Z [[32minfo[39m] Server is running at http://localhost:8000
2023-09-05T13:32:02.125Z [[32minfo[39m] Connected to MongoDB database
2023-09-05T13:32:02.913Z [[31merror[39m] MongoServerError
2023-09-05T13:32:16.404Z [[32minfo[39m] Server is running at http://localhost:8000
2023-09-05T13:32:16.887Z [[32minfo[39m] Connected to MongoDB database
2023-09-05T13:32:18.911Z [[31merror[39m] E11000 duplicate key error collection: test.authors index: email_1 dup key: { email: "selbinchirayath@gmail.com" }
2023-09-05T13:32:28.738Z [[32minfo[39m] Server is running at http://localhost:8000
2023-09-05T13:32:29.131Z [[32minfo[39m] Connected to MongoDB database
2023-09-05T13:32:30.334Z [[31merror[39m] E11000 duplicate key error collection: test.authors index: email_1 dup key: { email: "selbinchirayath@gmail.com" }
2023-09-05T13:32:46.337Z [[32minfo[39m] Server is running at http://localhost:8000
2023-09-05T13:32:46.726Z [[32minfo[39m] Connected to MongoDB database
2023-09-05T13:33:00.604Z [[32minfo[39m] Server is running at http://localhost:8000
2023-09-05T13:33:01.051Z [[32minfo[39m] Connected to MongoDB database
2023-09-05T13:33:02.729Z [[31merror[39m] E11000 duplicate key error collection: test.authors index: email_1 dup key: { email: "selbinchirayath@gmail.com" }
2023-09-05T13:33:11.663Z [[32minfo[39m] Server is running at http://localhost:8000
2023-09-05T13:33:12.399Z [[32minfo[39m] Connected to MongoDB database
2023-09-05T13:33:19.214Z [[31merror[39m] E11000 duplicate key error collection: test.authors index: email_1 dup key: { email: "selbinchirayath@gmail.com" }
2023-09-05T13:33:48.709Z [[31merror[39m] E11000 duplicate key error collection: test.authors index: email_1 dup key: { email: "selbinchirayath@gmail.com" }
2023-09-05T13:35:25.464Z [[31merror[39m] E11000 duplicate key error collection: test.authors index: email_1 dup key: { email: "selbinchirayath@gmail.com" }
2023-09-05T13:43:48.598Z [[32minfo[39m] Server is running at http://localhost:8000
2023-09-05T13:43:49.393Z [[32minfo[39m] Connected to MongoDB database
2023-09-05T13:44:57.943Z [[32minfo[39m] Server is running at http://localhost:8000
2023-09-05T13:44:58.646Z [[32minfo[39m] Connected to MongoDB database
2023-09-05T13:47:43.054Z [[32minfo[39m] Server is running at http://localhost:8000
2023-09-05T13:47:44.233Z [[32minfo[39m] Connected to MongoDB database
2023-09-05T13:47:48.871Z [[31merror[39m] 11000
2023-09-05T13:48:02.078Z [[32minfo[39m] Server is running at http://localhost:8000
2023-09-05T13:48:02.474Z [[32minfo[39m] Connected to MongoDB database
2023-09-05T13:48:03.689Z [[31merror[39m] 11000
2023-09-05T13:48:41.064Z [[32minfo[39m] Server is running at http://localhost:8000
2023-09-05T13:48:41.650Z [[32minfo[39m] Connected to MongoDB database
2023-09-05T13:48:55.093Z [[32minfo[39m] Server is running at http://localhost:8000
2023-09-05T13:48:55.552Z [[32minfo[39m] Connected to MongoDB database
2023-09-05T13:49:32.232Z [[31merror[39m] E11000 duplicate key error collection: test.authors index: email_1 dup key: { email: "selbinchirayath@gmail.com" }
2023-09-05T13:49:56.257Z [[32minfo[39m] Server is running at http://localhost:8000
2023-09-05T13:49:56.966Z [[32minfo[39m] Connected to MongoDB database
2023-09-05T13:49:58.696Z [[31merror[39m] E11000 duplicate key error collection: test.authors index: email_1 dup key: { email: "selbinchirayath@gmail.com" }
2023-09-05T13:50:00.645Z [[31merror[39m] E11000 duplicate key error collection: test.authors index: email_1 dup key: { email: "selbinchirayath@gmail.com" }
2023-09-05T13:50:21.599Z [[32minfo[39m] Server is running at http://localhost:8000
2023-09-05T13:50:22.174Z [[32minfo[39m] Connected to MongoDB database
2023-09-05T13:50:25.951Z [[31merror[39m] 11000
2023-09-05T13:50:34.149Z [[32minfo[39m] Server is running at http://localhost:8000
2023-09-05T13:50:34.567Z [[32minfo[39m] Connected to MongoDB database
2023-09-05T13:50:36.451Z [[31merror[39m] 11000
2023-09-05T13:51:11.927Z [[32minfo[39m] Server is running at http://localhost:8000
2023-09-05T13:51:12.714Z [[32minfo[39m] Connected to MongoDB database
2023-09-05T13:51:22.945Z [[32minfo[39m] Server is running at http://localhost:8000
2023-09-05T13:51:23.384Z [[32minfo[39m] Connected to MongoDB database
2023-09-05T13:52:19.123Z [[32minfo[39m] Server is running at http://localhost:8000
2023-09-05T13:52:19.947Z [[32minfo[39m] Connected to MongoDB database
2023-09-05T13:52:23.421Z [[32minfo[39m] Server is running at http://localhost:8000
2023-09-05T13:52:23.835Z [[32minfo[39m] Connected to MongoDB database
2023-09-05T14:26:55.673Z [[32minfo[39m] Server is running at http://localhost:8000
2023-09-05T14:26:56.742Z [[32minfo[39m] Connected to MongoDB database
2023-09-05T14:27:18.581Z [[32minfo[39m] Server is running at http://localhost:8000
2023-09-05T14:27:19.146Z [[32minfo[39m] Connected to MongoDB database
2023-09-05T14:27:51.541Z [[32minfo[39m] Server is running at http://localhost:8000
2023-09-05T14:27:52.114Z [[32minfo[39m] Connected to MongoDB database
2023-09-05T14:30:34.538Z [[32minfo[39m] Server is running at http://localhost:8000
2023-09-05T14:30:35.334Z [[32minfo[39m] Connected to MongoDB database
2023-09-05T14:30:58.753Z [[32minfo[39m] Server is running at http://localhost:8000
2023-09-05T14:31:01.160Z [[32minfo[39m] Connected to MongoDB database
2023-09-05T14:33:13.777Z [[32minfo[39m] Server is running at http://localhost:8000
2023-09-05T14:33:14.740Z [[32minfo[39m] Connected to MongoDB database
2023-09-05T14:47:47.937Z [[32minfo[39m] Server is running at http://localhost:8000
2023-09-05T14:47:48.842Z [[32minfo[39m] Connected to MongoDB database
2023-09-05T15:02:11.414Z [[32minfo[39m] Server is running at http://localhost:8000
2023-09-05T15:02:12.225Z [[32minfo[39m] Connected to MongoDB database
2023-09-05T15:03:43.692Z [[32minfo[39m] Server is running at http://localhost:8000
2023-09-05T15:03:44.437Z [[32minfo[39m] Connected to MongoDB database
2023-09-05T15:05:36.685Z [[32minfo[39m] Server is running at http://localhost:8000
2023-09-05T15:05:37.355Z [[32minfo[39m] Connected to MongoDB database
2023-09-05T15:06:24.274Z [[32minfo[39m] Server is running at http://localhost:8000
2023-09-05T15:06:24.923Z [[32minfo[39m] Connected to MongoDB database
